2017-09-24 11:09:48|DEBUG|IUnity [Unity] [SafeVault.Unity.Unity]
2017-09-24 11:09:48|DEBUG|IConfig [AppConfig] [SafeVault.Unity.Unity]
2017-09-24 11:09:48|DEBUG|ILogManager [LogManager] [SafeVault.Unity.Unity]
2017-09-24 11:09:48|DEBUG|ICommandProcessor [CommandProcessor] [SafeVault.Unity.Unity]
2017-09-24 11:09:48|DEBUG|--> X509Store [X509Store] [SafeVault.Unity.Unity]
2017-09-24 11:09:48|DEBUG|--> BanList [BanList] [SafeVault.Unity.Unity]
2017-09-24 11:09:48|DEBUG|--> TokenList [TokenList] [SafeVault.Unity.Unity]
2017-09-24 11:09:48|DEBUG|--> IAuthenticate [Authentication] [SafeVault.Unity.Unity]
2017-09-24 11:09:48|DEBUG|--> EmailNotification [EmailNotification] [SafeVault.Unity.Unity]
2017-09-24 11:09:48|DEBUG|BanList [BanList] [SafeVault.Unity.Unity]
2017-09-24 11:09:48|DEBUG|TokenList [TokenList] [SafeVault.Unity.Unity]
2017-09-24 11:09:48|DEBUG|X509Store [X509Store] [SafeVault.Unity.Unity]
2017-09-24 11:09:48|DEBUG|IAuthenticate [Authentication] [SafeVault.Unity.Unity]
2017-09-24 11:09:48|DEBUG|--> TokenList [TokenList] [SafeVault.Unity.Unity]
2017-09-24 11:09:48|DEBUG|--> BanList [BanList] [SafeVault.Unity.Unity]
2017-09-24 11:09:48|DEBUG|ISendMail [SendMail] [SafeVault.Unity.Unity]
2017-09-24 11:09:48|DEBUG|EmailNotification [EmailNotification] [SafeVault.Unity.Unity]
2017-09-24 11:09:48|DEBUG|--> ISendMail [SendMail] [SafeVault.Unity.Unity]
2017-09-24 11:10:20|DEBUG|IUnity [Unity] [SafeVault.Unity.Unity]
2017-09-24 11:10:20|DEBUG|IConfig [AppConfig] [SafeVault.Unity.Unity]
2017-09-24 11:10:20|DEBUG|ILogManager [LogManager] [SafeVault.Unity.Unity]
2017-09-24 11:10:20|DEBUG|ICommandProcessor [CommandProcessor] [SafeVault.Unity.Unity]
2017-09-24 11:10:20|DEBUG|--> X509Store [X509Store] [SafeVault.Unity.Unity]
2017-09-24 11:10:20|DEBUG|--> BanList [BanList] [SafeVault.Unity.Unity]
2017-09-24 11:10:20|DEBUG|--> TokenList [TokenList] [SafeVault.Unity.Unity]
2017-09-24 11:10:20|DEBUG|--> IAuthenticate [Authentication] [SafeVault.Unity.Unity]
2017-09-24 11:10:20|DEBUG|--> EmailNotification [EmailNotification] [SafeVault.Unity.Unity]
2017-09-24 11:10:20|DEBUG|BanList [BanList] [SafeVault.Unity.Unity]
2017-09-24 11:10:20|DEBUG|TokenList [TokenList] [SafeVault.Unity.Unity]
2017-09-24 11:10:20|DEBUG|X509Store [X509Store] [SafeVault.Unity.Unity]
2017-09-24 11:10:20|DEBUG|IAuthenticate [Authentication] [SafeVault.Unity.Unity]
2017-09-24 11:10:20|DEBUG|--> TokenList [TokenList] [SafeVault.Unity.Unity]
2017-09-24 11:10:20|DEBUG|--> BanList [BanList] [SafeVault.Unity.Unity]
2017-09-24 11:10:20|DEBUG|ISendMail [SendMail] [SafeVault.Unity.Unity]
2017-09-24 11:10:20|DEBUG|EmailNotification [EmailNotification] [SafeVault.Unity.Unity]
2017-09-24 11:10:20|DEBUG|--> ISendMail [SendMail] [SafeVault.Unity.Unity]
2017-09-24 11:11:17|DEBUG|IUnity [Unity] [SafeVault.Unity.Unity]
2017-09-24 11:12:13|DEBUG|IConfig [AppConfig] [SafeVault.Unity.Unity]
2017-09-24 11:12:13|DEBUG|ILogManager [LogManager] [SafeVault.Unity.Unity]
2017-09-24 11:12:13|DEBUG|ICommandProcessor [CommandProcessor] [SafeVault.Unity.Unity]
2017-09-24 11:12:13|DEBUG|--> X509Store [X509Store] [SafeVault.Unity.Unity]
2017-09-24 11:12:13|DEBUG|--> BanList [BanList] [SafeVault.Unity.Unity]
2017-09-24 11:12:13|DEBUG|--> TokenList [TokenList] [SafeVault.Unity.Unity]
2017-09-24 11:12:13|DEBUG|--> IAuthenticate [Authentication] [SafeVault.Unity.Unity]
2017-09-24 11:12:13|DEBUG|--> EmailNotification [EmailNotification] [SafeVault.Unity.Unity]
2017-09-24 11:12:13|DEBUG|BanList [BanList] [SafeVault.Unity.Unity]
2017-09-24 11:12:13|DEBUG|TokenList [TokenList] [SafeVault.Unity.Unity]
2017-09-24 11:12:13|DEBUG|X509Store [X509Store] [SafeVault.Unity.Unity]
2017-09-24 11:12:13|DEBUG|IAuthenticate [Authentication] [SafeVault.Unity.Unity]
2017-09-24 11:12:13|DEBUG|--> TokenList [TokenList] [SafeVault.Unity.Unity]
2017-09-24 11:12:13|DEBUG|--> BanList [BanList] [SafeVault.Unity.Unity]
2017-09-24 11:12:13|DEBUG|ISendMail [SendMail] [SafeVault.Unity.Unity]
2017-09-24 11:12:13|DEBUG|EmailNotification [EmailNotification] [SafeVault.Unity.Unity]
2017-09-24 11:12:13|DEBUG|--> ISendMail [SendMail] [SafeVault.Unity.Unity]
